<?xml version="1.0" encoding="UTF-8"?>
<testsuite name="com.example.demo.DemoApplicationTests" tests="1" skipped="0" failures="0" errors="0" timestamp="2024-02-16T00:11:21" hostname="IT20" time="1.434">
  <properties/>
  <testcase name="contextLoads()" classname="com.example.demo.DemoApplicationTests" time="1.434"/>
  <system-out><![CDATA[05:41:18.399 [Test worker] INFO org.springframework.test.context.support.AnnotationConfigContextLoaderUtils -- Could not detect default configuration classes for test class [com.example.demo.DemoApplicationTests]: DemoApplicationTests does not declare any static, non-private, non-final, nested classes annotated with @Configuration.
05:41:18.557 [Test worker] INFO org.springframework.boot.test.context.SpringBootTestContextBootstrapper -- Found @SpringBootConfiguration com.example.demo.DemoApplication for test class com.example.demo.DemoApplicationTests

  .   ____          _            __ _ _
 /\\ / ___'_ __ _ _(_)_ __  __ _ \ \ \ \
( ( )\___ | '_ | '_| | '_ \/ _` | \ \ \ \
 \\/  ___)| |_)| | | | | || (_| |  ) ) ) )
  '  |____| .__|_| |_|_| |_\__, | / / / /
 =========|_|==============|___/=/_/_/_/
 :: Spring Boot ::                (v3.2.2)

2024-02-16T05:41:19.338+05:30  INFO 9208 --- [    Test worker] com.example.demo.DemoApplicationTests    : Starting DemoApplicationTests using Java 21.0.2 with PID 9208 (started by IT20 in C:\Users\IT20\Documents\Downloads\demo\demo)
2024-02-16T05:41:19.340+05:30  INFO 9208 --- [    Test worker] com.example.demo.DemoApplicationTests    : No active profile set, falling back to 1 default profile: "default"
2024-02-16T05:41:21.159+05:30  INFO 9208 --- [    Test worker] com.example.demo.DemoApplicationTests    : Started DemoApplicationTests in 2.287 seconds (process running for 4.508)
]]></system-out>
  <system-err><![CDATA[WARNING: A Java agent has been loaded dynamically (C:\Users\IT20\.gradle\caches\modules-2\files-2.1\net.bytebuddy\byte-buddy-agent\1.14.11\f9cb566608fbac6bc7bf54901a7aa11543a989ee\byte-buddy-agent-1.14.11.jar)
WARNING: If a serviceability tool is in use, please run with -XX:+EnableDynamicAgentLoading to hide this warning
WARNING: If a serviceability tool is not in use, please run with -Djdk.instrument.traceUsage for more information
WARNING: Dynamic loading of agents will be disallowed by default in a future release
]]></system-err>
</testsuite>
